Mensaje I / 00:00:00:000 / Root(00) para top(01)
Mensaje I / 00:00:00:000 / top(01) para session(02)
Mensaje D / 00:00:00:000 / session(02) / 00:00:03:690 para top(01)
Mensaje D / 00:00:00:000 / top(01) / 00:00:03:690 para Root(00)
Mensaje * / 00:00:03:690 / Root(00) para top(01)
Mensaje * / 00:00:03:690 / top(01) para session(02)
Mensaje Y / 00:00:03:690 / session(02) / online /     31.00000 para top(01)
Mensaje D / 00:00:03:690 / session(02) / 00:00:00:200 para top(01)
Mensaje Y / 00:00:03:690 / top(01) / online /     31.00000 para Root(00)
Mensaje D / 00:00:03:690 / top(01) / 00:00:00:200 para Root(00)
Mensaje * / 00:00:03:890 / Root(00) para top(01)
Mensaje * / 00:00:03:890 / top(01) para session(02)
Mensaje Y / 00:00:03:890 / session(02) / publish /   3111.00000 para top(01)
Mensaje D / 00:00:03:890 / session(02) / 00:00:00:200 para top(01)
Mensaje Y / 00:00:03:890 / top(01) / publish /   3111.00000 para Root(00)
Mensaje D / 00:00:03:890 / top(01) / 00:00:00:200 para Root(00)
Mensaje * / 00:00:04:090 / Root(00) para top(01)
Mensaje * / 00:00:04:090 / top(01) para session(02)
Mensaje Y / 00:00:04:090 / session(02) / publish /   3112.00000 para top(01)
Mensaje D / 00:00:04:090 / session(02) / 00:00:00:200 para top(01)
Mensaje Y / 00:00:04:090 / top(01) / publish /   3112.00000 para Root(00)
Mensaje D / 00:00:04:090 / top(01) / 00:00:00:200 para Root(00)
Mensaje * / 00:00:04:290 / Root(00) para top(01)
Mensaje * / 00:00:04:290 / top(01) para session(02)
Mensaje Y / 00:00:04:290 / session(02) / publish /   3113.00000 para top(01)
Mensaje D / 00:00:04:290 / session(02) / 00:00:00:200 para top(01)
Mensaje Y / 00:00:04:290 / top(01) / publish /   3113.00000 para Root(00)
Mensaje D / 00:00:04:290 / top(01) / 00:00:00:200 para Root(00)
Mensaje * / 00:00:04:490 / Root(00) para top(01)
Mensaje * / 00:00:04:490 / top(01) para session(02)
Mensaje Y / 00:00:04:490 / session(02) / publish /   3114.00000 para top(01)
Mensaje D / 00:00:04:490 / session(02) / 00:00:00:200 para top(01)
Mensaje Y / 00:00:04:490 / top(01) / publish /   3114.00000 para Root(00)
Mensaje D / 00:00:04:490 / top(01) / 00:00:00:200 para Root(00)
Mensaje * / 00:00:04:690 / Root(00) para top(01)
Mensaje * / 00:00:04:690 / top(01) para session(02)
Mensaje Y / 00:00:04:690 / session(02) / publish /   3117.00000 para top(01)
Mensaje D / 00:00:04:690 / session(02) / 00:00:53:658 para top(01)
Mensaje Y / 00:00:04:690 / top(01) / publish /   3117.00000 para Root(00)
Mensaje D / 00:00:04:690 / top(01) / 00:00:53:658 para Root(00)
Mensaje * / 00:00:58:348 / Root(00) para top(01)
Mensaje * / 00:00:58:348 / top(01) para session(02)
Mensaje Y / 00:00:58:348 / session(02) / query /   3101.00000 para top(01)
Mensaje D / 00:00:58:348 / session(02) / 00:00:15:950 para top(01)
Mensaje Y / 00:00:58:348 / top(01) / query /   3101.00000 para Root(00)
Mensaje D / 00:00:58:348 / top(01) / 00:00:15:950 para Root(00)
Mensaje * / 00:01:14:298 / Root(00) para top(01)
Mensaje * / 00:01:14:298 / top(01) para session(02)
Mensaje Y / 00:01:14:298 / session(02) / query /   3103.00000 para top(01)
Mensaje D / 00:01:14:298 / session(02) / 00:00:02:480 para top(01)
Mensaje Y / 00:01:14:298 / top(01) / query /   3103.00000 para Root(00)
Mensaje D / 00:01:14:298 / top(01) / 00:00:02:480 para Root(00)
Mensaje * / 00:01:16:778 / Root(00) para top(01)
Mensaje * / 00:01:16:778 / top(01) para session(02)
Mensaje Y / 00:01:16:778 / session(02) / query /   3104.00000 para top(01)
Mensaje D / 00:01:16:778 / session(02) / 00:10:16:878 para top(01)
Mensaje Y / 00:01:16:778 / top(01) / query /   3104.00000 para Root(00)
Mensaje D / 00:01:16:778 / top(01) / 00:10:16:878 para Root(00)
Mensaje * / 00:11:33:656 / Root(00) para top(01)
Mensaje * / 00:11:33:656 / top(01) para session(02)
Mensaje Y / 00:11:33:656 / session(02) / query /   3105.00000 para top(01)
Mensaje D / 00:11:33:656 / session(02) / 00:02:26:987 para top(01)
Mensaje Y / 00:11:33:656 / top(01) / query /   3105.00000 para Root(00)
Mensaje D / 00:11:33:656 / top(01) / 00:02:26:987 para Root(00)
Mensaje * / 00:14:00:643 / Root(00) para top(01)
Mensaje * / 00:14:00:643 / top(01) para session(02)
Mensaje Y / 00:14:00:643 / session(02) / query /   3106.00000 para top(01)
Mensaje D / 00:14:00:643 / session(02) / 00:02:05:838 para top(01)
Mensaje Y / 00:14:00:643 / top(01) / query /   3106.00000 para Root(00)
Mensaje D / 00:14:00:643 / top(01) / 00:02:05:838 para Root(00)
Mensaje * / 00:16:06:481 / Root(00) para top(01)
Mensaje * / 00:16:06:481 / top(01) para session(02)
Mensaje Y / 00:16:06:481 / session(02) / offline /     31.00000 para top(01)
Mensaje D / 00:16:06:481 / session(02) / ... para top(01)
Mensaje Y / 00:16:06:481 / top(01) / offline /     31.00000 para Root(00)
Mensaje D / 00:16:06:481 / top(01) / ... para Root(00)
