Mensaje I / 00:00:00:000 / Root(00) para top(01)
Mensaje I / 00:00:00:000 / top(01) para session(02)
Mensaje D / 00:00:00:000 / session(02) / 00:00:04:920 para top(01)
Mensaje D / 00:00:00:000 / top(01) / 00:00:04:920 para Root(00)
Mensaje * / 00:00:04:920 / Root(00) para top(01)
Mensaje * / 00:00:04:920 / top(01) para session(02)
Mensaje Y / 00:00:04:920 / session(02) / online /      1.00000 para top(01)
Mensaje D / 00:00:04:920 / session(02) / 00:02:11:545 para top(01)
Mensaje Y / 00:00:04:920 / top(01) / online /      1.00000 para Root(00)
Mensaje D / 00:00:04:920 / top(01) / 00:02:11:545 para Root(00)
Mensaje * / 00:02:16:465 / Root(00) para top(01)
Mensaje * / 00:02:16:465 / top(01) para session(02)
Mensaje Y / 00:02:16:465 / session(02) / query /      0.00000 para top(01)
Mensaje D / 00:02:16:465 / session(02) / 00:00:21:267 para top(01)
Mensaje Y / 00:02:16:465 / top(01) / query /      0.00000 para Root(00)
Mensaje D / 00:02:16:465 / top(01) / 00:00:21:267 para Root(00)
Mensaje * / 00:02:37:732 / Root(00) para top(01)
Mensaje * / 00:02:37:732 / top(01) para session(02)
Mensaje Y / 00:02:37:732 / session(02) / query /      2.00000 para top(01)
Mensaje D / 00:02:37:732 / session(02) / 00:00:03:307 para top(01)
Mensaje Y / 00:02:37:732 / top(01) / query /      2.00000 para Root(00)
Mensaje D / 00:02:37:732 / top(01) / 00:00:03:307 para Root(00)
Mensaje * / 00:02:41:039 / Root(00) para top(01)
Mensaje * / 00:02:41:039 / top(01) para session(02)
Mensaje Y / 00:02:41:039 / session(02) / query /      3.00000 para top(01)
Mensaje D / 00:02:41:039 / session(02) / 00:14:02:504 para top(01)
Mensaje Y / 00:02:41:039 / top(01) / query /      3.00000 para Root(00)
Mensaje D / 00:02:41:039 / top(01) / 00:14:02:504 para Root(00)
Mensaje * / 00:16:43:543 / Root(00) para top(01)
Mensaje * / 00:16:43:543 / top(01) para session(02)
Mensaje Y / 00:16:43:543 / session(02) / query /      7.00000 para top(01)
Mensaje D / 00:16:43:543 / session(02) / 00:02:55:983 para top(01)
Mensaje Y / 00:16:43:543 / top(01) / query /      7.00000 para Root(00)
Mensaje D / 00:16:43:543 / top(01) / 00:02:55:983 para Root(00)
Mensaje * / 00:19:39:526 / Root(00) para top(01)
Mensaje * / 00:19:39:526 / top(01) para session(02)
Mensaje Y / 00:19:39:526 / session(02) / query /      8.00000 para top(01)
Mensaje D / 00:19:39:526 / session(02) / 00:02:27:785 para top(01)
Mensaje Y / 00:19:39:526 / top(01) / query /      8.00000 para Root(00)
Mensaje D / 00:19:39:526 / top(01) / 00:02:27:785 para Root(00)
Mensaje * / 00:22:07:311 / Root(00) para top(01)
Mensaje * / 00:22:07:311 / top(01) para session(02)
Mensaje Y / 00:22:07:311 / session(02) / query /     21.00000 para top(01)
Mensaje D / 00:22:07:311 / session(02) / 00:06:47:031 para top(01)
Mensaje Y / 00:22:07:311 / top(01) / query /     21.00000 para Root(00)
Mensaje D / 00:22:07:311 / top(01) / 00:06:47:031 para Root(00)
Mensaje * / 00:28:54:342 / Root(00) para top(01)
Mensaje * / 00:28:54:342 / top(01) para session(02)
Mensaje Y / 00:28:54:342 / session(02) / offline /      1.00000 para top(01)
Mensaje D / 00:28:54:342 / session(02) / ... para top(01)
Mensaje Y / 00:28:54:342 / top(01) / offline /      1.00000 para Root(00)
Mensaje D / 00:28:54:342 / top(01) / ... para Root(00)
