Mensaje I / 00:00:00:000 / Root(00) para top(01)
Mensaje I / 00:00:00:000 / top(01) para netwk(02)
Mensaje D / 00:00:00:000 / netwk(02) / ... para top(01)
Mensaje D / 00:00:00:000 / top(01) / ... para Root(00)
Mensaje X / 00:00:10:000 / Root(00) / peer_online /      1.00000 para top(01)
Mensaje X / 00:00:10:000 / top(01) / peer_online /      1.00000 para netwk(02)
Mensaje D / 00:00:10:000 / netwk(02) / 00:00:00:020 para top(01)
Mensaje D / 00:00:10:000 / top(01) / 00:00:00:020 para Root(00)
Mensaje * / 00:00:10:020 / Root(00) para top(01)
Mensaje * / 00:00:10:020 / top(01) para netwk(02)
Mensaje D / 00:00:10:020 / netwk(02) / ... para top(01)
Mensaje D / 00:00:10:020 / top(01) / ... para Root(00)
Mensaje X / 00:00:15:000 / Root(00) / inroute /  70111.00000 para top(01)
Mensaje X / 00:00:15:000 / top(01) / inroute /  70111.00000 para netwk(02)
Mensaje D / 00:00:15:000 / netwk(02) / 00:00:00:020 para top(01)
Mensaje D / 00:00:15:000 / top(01) / 00:00:00:020 para Root(00)
Mensaje * / 00:00:15:020 / Root(00) para top(01)
Mensaje * / 00:00:15:020 / top(01) para netwk(02)
Mensaje D / 00:00:15:020 / netwk(02) / ... para top(01)
Mensaje D / 00:00:15:020 / top(01) / ... para Root(00)
Mensaje X / 00:00:30:000 / Root(00) / peer_online /      2.00000 para top(01)
Mensaje X / 00:00:30:000 / top(01) / peer_online /      2.00000 para netwk(02)
Mensaje D / 00:00:30:000 / netwk(02) / 00:00:00:020 para top(01)
Mensaje D / 00:00:30:000 / top(01) / 00:00:00:020 para Root(00)
Mensaje * / 00:00:30:020 / Root(00) para top(01)
Mensaje * / 00:00:30:020 / top(01) para netwk(02)
Mensaje D / 00:00:30:020 / netwk(02) / ... para top(01)
Mensaje D / 00:00:30:020 / top(01) / ... para Root(00)
Mensaje X / 00:00:31:000 / Root(00) / peer_online /      3.00000 para top(01)
Mensaje X / 00:00:31:000 / top(01) / peer_online /      3.00000 para netwk(02)
Mensaje D / 00:00:31:000 / netwk(02) / 00:00:00:020 para top(01)
Mensaje D / 00:00:31:000 / top(01) / 00:00:00:020 para Root(00)
Mensaje * / 00:00:31:020 / Root(00) para top(01)
Mensaje * / 00:00:31:020 / top(01) para netwk(02)
Mensaje D / 00:00:31:020 / netwk(02) / ... para top(01)
Mensaje D / 00:00:31:020 / top(01) / ... para Root(00)
Mensaje X / 00:00:32:000 / Root(00) / peer_connect /    203.00000 para top(01)
Mensaje X / 00:00:32:000 / top(01) / peer_connect /    203.00000 para netwk(02)
Mensaje D / 00:00:32:000 / netwk(02) / 00:00:00:020 para top(01)
Mensaje D / 00:00:32:000 / top(01) / 00:00:00:020 para Root(00)
Mensaje * / 00:00:32:020 / Root(00) para top(01)
Mensaje * / 00:00:32:020 / top(01) para netwk(02)
Mensaje Y / 00:00:32:020 / netwk(02) / out_connect /  10203.00000 para top(01)
Mensaje D / 00:00:32:020 / netwk(02) / ... para top(01)
Mensaje Y / 00:00:32:020 / top(01) / out_connect /  10203.00000 para Root(00)
Mensaje D / 00:00:32:020 / top(01) / ... para Root(00)
Mensaje X / 00:00:33:000 / Root(00) / peer_connect /    201.00000 para top(01)
Mensaje X / 00:00:33:000 / top(01) / peer_connect /    201.00000 para netwk(02)
Mensaje D / 00:00:33:000 / netwk(02) / 00:00:00:020 para top(01)
Mensaje D / 00:00:33:000 / top(01) / 00:00:00:020 para Root(00)
Mensaje * / 00:00:33:020 / Root(00) para top(01)
Mensaje * / 00:00:33:020 / top(01) para netwk(02)
Mensaje Y / 00:00:33:020 / netwk(02) / out_connect /  10201.00000 para top(01)
Mensaje D / 00:00:33:020 / netwk(02) / ... para top(01)
Mensaje Y / 00:00:33:020 / top(01) / out_connect /  10201.00000 para Root(00)
Mensaje D / 00:00:33:020 / top(01) / ... para Root(00)
Mensaje X / 00:00:34:000 / Root(00) / peer_online /      6.00000 para top(01)
Mensaje X / 00:00:34:000 / top(01) / peer_online /      6.00000 para netwk(02)
Mensaje D / 00:00:34:000 / netwk(02) / 00:00:00:020 para top(01)
Mensaje D / 00:00:34:000 / top(01) / 00:00:00:020 para Root(00)
Mensaje * / 00:00:34:020 / Root(00) para top(01)
Mensaje * / 00:00:34:020 / top(01) para netwk(02)
Mensaje D / 00:00:34:020 / netwk(02) / ... para top(01)
Mensaje D / 00:00:34:020 / top(01) / ... para Root(00)
Mensaje X / 00:00:35:000 / Root(00) / inroute /  70211.00000 para top(01)
Mensaje X / 00:00:35:000 / top(01) / inroute /  70211.00000 para netwk(02)
Mensaje D / 00:00:35:000 / netwk(02) / 00:00:00:020 para top(01)
Mensaje D / 00:00:35:000 / top(01) / 00:00:00:020 para Root(00)
Mensaje * / 00:00:35:020 / Root(00) para top(01)
Mensaje * / 00:00:35:020 / top(01) para netwk(02)
Mensaje Y / 00:00:35:020 / netwk(02) / route_out /  70111.00000 para top(01)
Mensaje D / 00:00:35:020 / netwk(02) / 00:00:00:010 para top(01)
Mensaje Y / 00:00:35:020 / top(01) / route_out /  70111.00000 para Root(00)
Mensaje D / 00:00:35:020 / top(01) / 00:00:00:010 para Root(00)
Mensaje * / 00:00:35:030 / Root(00) para top(01)
Mensaje * / 00:00:35:030 / top(01) para netwk(02)
Mensaje Y / 00:00:35:030 / netwk(02) / route_out /  70311.00000 para top(01)
Mensaje D / 00:00:35:030 / netwk(02) / ... para top(01)
Mensaje Y / 00:00:35:030 / top(01) / route_out /  70311.00000 para Root(00)
Mensaje D / 00:00:35:030 / top(01) / ... para Root(00)
Mensaje X / 00:00:37:000 / Root(00) / peer_offline /      1.00000 para top(01)
Mensaje X / 00:00:37:000 / top(01) / peer_offline /      1.00000 para netwk(02)
Mensaje D / 00:00:37:000 / netwk(02) / 00:00:00:020 para top(01)
Mensaje D / 00:00:37:000 / top(01) / 00:00:00:020 para Root(00)
Mensaje * / 00:00:37:020 / Root(00) para top(01)
Mensaje * / 00:00:37:020 / top(01) para netwk(02)
Mensaje Y / 00:00:37:020 / netwk(02) / out_disconnect /    102.00000 para top(01)
Mensaje D / 00:00:37:020 / netwk(02) / ... para top(01)
Mensaje Y / 00:00:37:020 / top(01) / out_disconnect /    102.00000 para Root(00)
Mensaje D / 00:00:37:020 / top(01) / ... para Root(00)
Mensaje X / 00:00:38:000 / Root(00) / peer_connect /    306.00000 para top(01)
Mensaje X / 00:00:38:000 / top(01) / peer_connect /    306.00000 para netwk(02)
Mensaje D / 00:00:38:000 / netwk(02) / 00:00:00:020 para top(01)
Mensaje D / 00:00:38:000 / top(01) / 00:00:00:020 para Root(00)
Mensaje * / 00:00:38:020 / Root(00) para top(01)
Mensaje * / 00:00:38:020 / top(01) para netwk(02)
Mensaje Y / 00:00:38:020 / netwk(02) / out_connect /  10306.00000 para top(01)
Mensaje D / 00:00:38:020 / netwk(02) / ... para top(01)
Mensaje Y / 00:00:38:020 / top(01) / out_connect /  10306.00000 para Root(00)
Mensaje D / 00:00:38:020 / top(01) / ... para Root(00)
Mensaje X / 00:00:39:000 / Root(00) / peer_connect /    206.00000 para top(01)
Mensaje X / 00:00:39:000 / top(01) / peer_connect /    206.00000 para netwk(02)
Mensaje D / 00:00:39:000 / netwk(02) / 00:00:00:020 para top(01)
Mensaje D / 00:00:39:000 / top(01) / 00:00:00:020 para Root(00)
Mensaje * / 00:00:39:020 / Root(00) para top(01)
Mensaje * / 00:00:39:020 / top(01) para netwk(02)
Mensaje Y / 00:00:39:020 / netwk(02) / out_connect /  10206.00000 para top(01)
Mensaje D / 00:00:39:020 / netwk(02) / ... para top(01)
Mensaje Y / 00:00:39:020 / top(01) / out_connect /  10206.00000 para Root(00)
Mensaje D / 00:00:39:020 / top(01) / ... para Root(00)
Mensaje X / 00:01:09:000 / Root(00) / inroute /  60622.00000 para top(01)
Mensaje X / 00:01:09:000 / top(01) / inroute /  60622.00000 para netwk(02)
Mensaje D / 00:01:09:000 / netwk(02) / 00:00:00:020 para top(01)
Mensaje D / 00:01:09:000 / top(01) / 00:00:00:020 para Root(00)
Mensaje * / 00:01:09:020 / Root(00) para top(01)
Mensaje * / 00:01:09:020 / top(01) para netwk(02)
Mensaje Y / 00:01:09:020 / netwk(02) / route_out /  60222.00000 para top(01)
Mensaje D / 00:01:09:020 / netwk(02) / 00:00:00:010 para top(01)
Mensaje Y / 00:01:09:020 / top(01) / route_out /  60222.00000 para Root(00)
Mensaje D / 00:01:09:020 / top(01) / 00:00:00:010 para Root(00)
Mensaje * / 00:01:09:030 / Root(00) para top(01)
Mensaje * / 00:01:09:030 / top(01) para netwk(02)
Mensaje Y / 00:01:09:030 / netwk(02) / route_out /  60322.00000 para top(01)
Mensaje D / 00:01:09:030 / netwk(02) / ... para top(01)
Mensaje Y / 00:01:09:030 / top(01) / route_out /  60322.00000 para Root(00)
Mensaje D / 00:01:09:030 / top(01) / ... para Root(00)
Mensaje X / 00:01:36:000 / Root(00) / peer_offline /      3.00000 para top(01)
Mensaje X / 00:01:36:000 / top(01) / peer_offline /      3.00000 para netwk(02)
Mensaje D / 00:01:36:000 / netwk(02) / 00:00:00:020 para top(01)
Mensaje D / 00:01:36:000 / top(01) / 00:00:00:020 para Root(00)
Mensaje * / 00:01:36:020 / Root(00) para top(01)
Mensaje * / 00:01:36:020 / top(01) para netwk(02)
Mensaje Y / 00:01:36:020 / netwk(02) / out_disconnect /    302.00000 para top(01)
Mensaje D / 00:01:36:020 / netwk(02) / 00:00:00:010 para top(01)
Mensaje Y / 00:01:36:020 / top(01) / out_disconnect /    302.00000 para Root(00)
Mensaje D / 00:01:36:020 / top(01) / 00:00:00:010 para Root(00)
Mensaje * / 00:01:36:030 / Root(00) para top(01)
Mensaje * / 00:01:36:030 / top(01) para netwk(02)
Mensaje Y / 00:01:36:030 / netwk(02) / out_disconnect /    306.00000 para top(01)
Mensaje D / 00:01:36:030 / netwk(02) / ... para top(01)
Mensaje Y / 00:01:36:030 / top(01) / out_disconnect /    306.00000 para Root(00)
Mensaje D / 00:01:36:030 / top(01) / ... para Root(00)
