Mensaje I / 00:00:00:000 / Root(00) para top(01)
Mensaje I / 00:00:00:000 / top(01) para db(02)
Mensaje D / 00:00:00:000 / db(02) / ... para top(01)
Mensaje D / 00:00:00:000 / top(01) / ... para Root(00)
Mensaje X / 00:00:01:000 / Root(00) / publish / 1012.000000000 para top(01)
Mensaje X / 00:00:01:000 / top(01) / publish / 1012.000000000 para db(02)
Mensaje D / 00:00:01:000 / db(02) / 00:00:00:020 para top(01)
Mensaje D / 00:00:01:000 / top(01) / 00:00:00:020 para Root(00)
Mensaje * / 00:00:01:020 / Root(00) para top(01)
Mensaje * / 00:00:01:020 / top(01) para db(02)
Mensaje D / 00:00:01:020 / db(02) / ... para top(01)
Mensaje D / 00:00:01:020 / top(01) / ... para Root(00)
Mensaje X / 00:00:02:000 / Root(00) / publish / 1013.000000000 para top(01)
Mensaje X / 00:00:02:000 / top(01) / publish / 1013.000000000 para db(02)
Mensaje D / 00:00:02:000 / db(02) / 00:00:00:020 para top(01)
Mensaje D / 00:00:02:000 / top(01) / 00:00:00:020 para Root(00)
Mensaje * / 00:00:02:020 / Root(00) para top(01)
Mensaje * / 00:00:02:020 / top(01) para db(02)
Mensaje D / 00:00:02:020 / db(02) / ... para top(01)
Mensaje D / 00:00:02:020 / top(01) / ... para Root(00)
Mensaje X / 00:00:03:000 / Root(00) / publish / 1014.000000000 para top(01)
Mensaje X / 00:00:03:000 / top(01) / publish / 1014.000000000 para db(02)
Mensaje D / 00:00:03:000 / db(02) / 00:00:00:020 para top(01)
Mensaje D / 00:00:03:000 / top(01) / 00:00:00:020 para Root(00)
Mensaje * / 00:00:03:020 / Root(00) para top(01)
Mensaje * / 00:00:03:020 / top(01) para db(02)
Mensaje D / 00:00:03:020 / db(02) / ... para top(01)
Mensaje D / 00:00:03:020 / top(01) / ... para Root(00)
Mensaje X / 00:00:04:000 / Root(00) / publish / 1015.000000000 para top(01)
Mensaje X / 00:00:04:000 / top(01) / publish / 1015.000000000 para db(02)
Mensaje D / 00:00:04:000 / db(02) / 00:00:00:020 para top(01)
Mensaje D / 00:00:04:000 / top(01) / 00:00:00:020 para Root(00)
Mensaje * / 00:00:04:020 / Root(00) para top(01)
Mensaje * / 00:00:04:020 / top(01) para db(02)
Mensaje D / 00:00:04:020 / db(02) / ... para top(01)
Mensaje D / 00:00:04:020 / top(01) / ... para Root(00)
Mensaje X / 00:00:05:000 / Root(00) / publish / 2017.000000000 para top(01)
Mensaje X / 00:00:05:000 / top(01) / publish / 2017.000000000 para db(02)
Mensaje D / 00:00:05:000 / db(02) / 00:00:00:020 para top(01)
Mensaje D / 00:00:05:000 / top(01) / 00:00:00:020 para Root(00)
Mensaje * / 00:00:05:020 / Root(00) para top(01)
Mensaje * / 00:00:05:020 / top(01) para db(02)
Mensaje D / 00:00:05:020 / db(02) / ... para top(01)
Mensaje D / 00:00:05:020 / top(01) / ... para Root(00)
Mensaje X / 00:00:06:000 / Root(00) / publish / 2016.000000000 para top(01)
Mensaje X / 00:00:06:000 / top(01) / publish / 2016.000000000 para db(02)
Mensaje D / 00:00:06:000 / db(02) / 00:00:00:020 para top(01)
Mensaje D / 00:00:06:000 / top(01) / 00:00:00:020 para Root(00)
Mensaje * / 00:00:06:020 / Root(00) para top(01)
Mensaje * / 00:00:06:020 / top(01) para db(02)
Mensaje D / 00:00:06:020 / db(02) / ... para top(01)
Mensaje D / 00:00:06:020 / top(01) / ... para Root(00)
Mensaje X / 00:00:07:000 / Root(00) / publish / 2010.000000000 para top(01)
Mensaje X / 00:00:07:000 / top(01) / publish / 2010.000000000 para db(02)
Mensaje D / 00:00:07:000 / db(02) / 00:00:00:020 para top(01)
Mensaje D / 00:00:07:000 / top(01) / 00:00:00:020 para Root(00)
Mensaje * / 00:00:07:020 / Root(00) para top(01)
Mensaje * / 00:00:07:020 / top(01) para db(02)
Mensaje D / 00:00:07:020 / db(02) / ... para top(01)
Mensaje D / 00:00:07:020 / top(01) / ... para Root(00)
Mensaje X / 00:00:08:000 / Root(00) / query_in / 2066.000000000 para top(01)
Mensaje X / 00:00:08:000 / top(01) / query_in / 2066.000000000 para db(02)
Mensaje D / 00:00:08:000 / db(02) / 00:00:00:020 para top(01)
Mensaje D / 00:00:08:000 / top(01) / 00:00:00:020 para Root(00)
Mensaje * / 00:00:08:020 / Root(00) para top(01)
Mensaje * / 00:00:08:020 / top(01) para db(02)
Mensaje D / 00:00:08:020 / db(02) / ... para top(01)
Mensaje D / 00:00:08:020 / top(01) / ... para Root(00)
Mensaje X / 00:00:09:000 / Root(00) / peer_in / 1066.000000000 para top(01)
Mensaje X / 00:00:09:000 / top(01) / peer_in / 1066.000000000 para db(02)
Mensaje D / 00:00:09:000 / db(02) / 00:00:00:020 para top(01)
Mensaje D / 00:00:09:000 / top(01) / 00:00:00:020 para Root(00)
Mensaje * / 00:00:09:020 / Root(00) para top(01)
Mensaje * / 00:00:09:020 / top(01) para db(02)
Mensaje Y / 00:00:09:020 / db(02) / queryhit / 1012066.000000000 para top(01)
Mensaje D / 00:00:09:020 / db(02) / 00:00:00:020 para top(01)
Mensaje Y / 00:00:09:020 / top(01) / queryhit / 1012066.000000000 para Root(00)
Mensaje D / 00:00:09:020 / top(01) / 00:00:00:020 para Root(00)
Mensaje * / 00:00:09:040 / Root(00) para top(01)
Mensaje * / 00:00:09:040 / top(01) para db(02)
Mensaje Y / 00:00:09:040 / db(02) / queryhit / 1013066.000000000 para top(01)
Mensaje D / 00:00:09:040 / db(02) / 00:00:00:020 para top(01)
Mensaje Y / 00:00:09:040 / top(01) / queryhit / 1013066.000000000 para Root(00)
Mensaje D / 00:00:09:040 / top(01) / 00:00:00:020 para Root(00)
Mensaje * / 00:00:09:060 / Root(00) para top(01)
Mensaje * / 00:00:09:060 / top(01) para db(02)
Mensaje Y / 00:00:09:060 / db(02) / queryhit / 1014066.000000000 para top(01)
Mensaje D / 00:00:09:060 / db(02) / ... para top(01)
Mensaje Y / 00:00:09:060 / top(01) / queryhit / 1014066.000000000 para Root(00)
Mensaje D / 00:00:09:060 / top(01) / ... para Root(00)
Mensaje X / 00:00:10:000 / Root(00) / query_in / 6088.000000000 para top(01)
Mensaje X / 00:00:10:000 / top(01) / query_in / 6088.000000000 para db(02)
Mensaje D / 00:00:10:000 / db(02) / 00:00:00:020 para top(01)
Mensaje D / 00:00:10:000 / top(01) / 00:00:00:020 para Root(00)
Mensaje * / 00:00:10:020 / Root(00) para top(01)
Mensaje * / 00:00:10:020 / top(01) para db(02)
Mensaje D / 00:00:10:020 / db(02) / ... para top(01)
Mensaje D / 00:00:10:020 / top(01) / ... para Root(00)
Mensaje X / 00:00:18:000 / Root(00) / peer_in / 1088.000000000 para top(01)
Mensaje X / 00:00:18:000 / top(01) / peer_in / 1088.000000000 para db(02)
Mensaje D / 00:00:18:000 / db(02) / 00:00:00:020 para top(01)
Mensaje D / 00:00:18:000 / top(01) / 00:00:00:020 para Root(00)
Mensaje * / 00:00:18:020 / Root(00) para top(01)
Mensaje * / 00:00:18:020 / top(01) para db(02)
Mensaje D / 00:00:18:020 / db(02) / ... para top(01)
Mensaje D / 00:00:18:020 / top(01) / ... para Root(00)
Mensaje X / 00:00:19:000 / Root(00) / peer_in / 2088.000000000 para top(01)
Mensaje X / 00:00:19:000 / top(01) / peer_in / 2088.000000000 para db(02)
Mensaje D / 00:00:19:000 / db(02) / 00:00:00:020 para top(01)
Mensaje D / 00:00:19:000 / top(01) / 00:00:00:020 para Root(00)
Mensaje * / 00:00:19:020 / Root(00) para top(01)
Mensaje * / 00:00:19:020 / top(01) para db(02)
Mensaje Y / 00:00:19:020 / db(02) / queryhit / 2016088.000000000 para top(01)
Mensaje D / 00:00:19:020 / db(02) / 00:00:00:020 para top(01)
Mensaje Y / 00:00:19:020 / top(01) / queryhit / 2016088.000000000 para Root(00)
Mensaje D / 00:00:19:020 / top(01) / 00:00:00:020 para Root(00)
Mensaje * / 00:00:19:040 / Root(00) para top(01)
Mensaje * / 00:00:19:040 / top(01) para db(02)
Mensaje Y / 00:00:19:040 / db(02) / queryhit / 2017088.000000000 para top(01)
Mensaje D / 00:00:19:040 / db(02) / ... para top(01)
Mensaje Y / 00:00:19:040 / top(01) / queryhit / 2017088.000000000 para Root(00)
Mensaje D / 00:00:19:040 / top(01) / ... para Root(00)
